Start testing: Mar 29 04:26 Pacific Daylight Time
----------------------------------------------------------
1/68 Testing: parse_valid_example
1/68 Test: parse_valid_example
Command: "C:/Users/Daniel/Code/evident/build-x64/evidc.exe" "--dump-hir" "C:/Users/Daniel/Code/evident/examples/feature_mode.evd"
Directory: C:/Users/Daniel/Code/evident/build-x64
"parse_valid_example" start time: Mar 29 04:26 Pacific Daylight Time
Output:
----------------------------------------------------------
types:
  - public struct FeatureConfig
      field endpoint: Text
      field retries: Nat
  - public struct FileHandle
      field raw: Int
  - public state FeatureMode
      variant OfflineOnly
      variant ProviderBacked
        field config: FeatureConfig
  - public reason OpenFailure
      variant FileNotFound
        field path: Text
      variant PermissionDenied
        field path: Text
  - public proof ConfigValidatedReceipt [affine]
      field config: FeatureConfig
  - public permit RenderPassActive
  - public struct billing::Card
      field pan: Text
  - public state billing::ChargeOutcome
      variant Settled
        field transaction: Text
      variant Declined
        field code: Text
      variant RequiresAction
        field action: Text
functions:
  - public fn choose_mode(config: FeatureConfig) -> FeatureMode
      block -> FeatureMode
        result
          construct FeatureMode::ProviderBacked : FeatureMode
            init config [shorthand]
              local config : FeatureConfig
  - public fn open_mode(mode: FeatureMode) -> FileHandle yields OpenFailure
      block -> FileHandle
        result
          match -> FileHandle
            scrutinee
              local mode : FeatureMode
            arm
              pattern FeatureMode::OfflineOnly
              fail OpenFailure::FileNotFound
                init path
                  string "offline" : Text
            arm
              pattern FeatureMode::ProviderBacked
                bind config -> config
              construct FileHandle : FileHandle
                init raw
                  number 1 : Int
  - public fn billing::charge(card: Card, amount: Int) -> ChargeOutcome
      block -> billing::ChargeOutcome
        result
          construct billing::ChargeOutcome::RequiresAction : billing::ChargeOutcome
            init action
              string "3ds" : Text
<end of output>
Test time =   0.01 sec
----------------------------------------------------------
Test Passed.
"parse_valid_example" end time: Mar 29 04:26 Pacific Daylight Time
"parse_valid_example" time elapsed: 00:00:00
----------------------------------------------------------

2/68 Testing: dump_valid_example_mir
2/68 Test: dump_valid_example_mir
Command: "C:/Users/Daniel/Code/evident/build-x64/evidc.exe" "--dump-mir" "C:/Users/Daniel/Code/evident/examples/feature_mode.evd"
Directory: C:/Users/Daniel/Code/evident/build-x64
"dump_valid_example_mir" start time: Mar 29 04:26 Pacific Daylight Time
Output:
----------------------------------------------------------
functions:
  - public fn choose_mode -> FeatureMode
      locals:
        %0[config] : FeatureConfig
        %1[$return] : FeatureMode
      block %0
        %1[$return] = construct FeatureMode::ProviderBacked {config: %0[config]}
        return %1[$return]
  - public fn open_mode -> FileHandle yields OpenFailure
      locals:
        %0[mode] : FeatureMode
        %1[$return] : FileHandle
        %2[reason] : OpenFailure
        %3[config] : FeatureConfig
      block %0
        switch %0[mode]
          arm OfflineOnly -> %1
          arm ProviderBacked -> %2
      block %1
        %2[reason] = construct OpenFailure::FileNotFound {path: "offline"}
        fail %2[reason]
      block %2
        %3[config] = %0[mode].config
        %1[$return] = construct FileHandle {raw: 1}
        goto %3
      block %3
        return %1[$return]
  - public fn billing::charge -> ChargeOutcome
      locals:
        %0[card] : Card
        %1[amount] : Int
        %2[$return] : ChargeOutcome
      block %0
        %2[$return] = construct billing::ChargeOutcome::RequiresAction {action: "3ds"}
        return %2[$return]
<end of output>
Test time =   0.01 sec
----------------------------------------------------------
Test Passed.
"dump_valid_example_mir" end time: Mar 29 04:26 Pacific Daylight Time
"dump_valid_example_mir" time elapsed: 00:00:00
----------------------------------------------------------

3/68 Testing: parse_valid_yield_match
3/68 Test: parse_valid_yield_match
Command: "C:/Users/Daniel/Code/evident/build-x64/evidc.exe" "C:/Users/Daniel/Code/evident/tests/valid_yield_match.evd"
Directory: C:/Users/Daniel/Code/evident/build-x64
"parse_valid_yield_match" start time: Mar 29 04:26 Pacific Daylight Time
Output:
----------------------------------------------------------
<end of output>
Test time =   0.01 sec
----------------------------------------------------------
Test Passed.
"parse_valid_yield_match" end time: Mar 29 04:26 Pacific Daylight Time
"parse_valid_yield_match" time elapsed: 00:00:00
----------------------------------------------------------

4/68 Testing: compare_mir_plain_call
4/68 Test: compare_mir_plain_call
Command: "C:/Program Files/CMake/bin/cmake.exe" "-DCOMMAND_PATH=C:/Users/Daniel/Code/evident/build-x64/evidc.exe" "-DMODE=--dump-mir" "-DINPUT_PATH=C:/Users/Daniel/Code/evident/tests/valid_plain_call.evd" "-DEXPECTED_PATH=C:/Users/Daniel/Code/evident/tests/expected_valid_plain_call.mir.txt" "-P" "C:/Users/Daniel/Code/evident/cmake/RunAndCompareOutput.cmake"
Directory: C:/Users/Daniel/Code/evident/build-x64
"compare_mir_plain_call" start time: Mar 29 04:26 Pacific Daylight Time
Output:
----------------------------------------------------------
<end of output>
Test time =   0.02 sec
----------------------------------------------------------
Test Passed.
"compare_mir_plain_call" end time: Mar 29 04:26 Pacific Daylight Time
"compare_mir_plain_call" time elapsed: 00:00:00
----------------------------------------------------------

5/68 Testing: compare_mir_state_match
5/68 Test: compare_mir_state_match
Command: "C:/Program Files/CMake/bin/cmake.exe" "-DCOMMAND_PATH=C:/Users/Daniel/Code/evident/build-x64/evidc.exe" "-DMODE=--dump-mir" "-DINPUT_PATH=C:/Users/Daniel/Code/evident/tests/valid_state_match.evd" "-DEXPECTED_PATH=C:/Users/Daniel/Code/evident/tests/expected_valid_state_match.mir.txt" "-P" "C:/Users/Daniel/Code/evident/cmake/RunAndCompareOutput.cmake"
Directory: C:/Users/Daniel/Code/evident/build-x64
"compare_mir_state_match" start time: Mar 29 04:26 Pacific Daylight Time
Output:
----------------------------------------------------------
<end of output>
Test time =   0.02 sec
----------------------------------------------------------
Test Passed.
"compare_mir_state_match" end time: Mar 29 04:26 Pacific Daylight Time
"compare_mir_state_match" time elapsed: 00:00:00
----------------------------------------------------------

6/68 Testing: compare_mir_try
6/68 Test: compare_mir_try
Command: "C:/Program Files/CMake/bin/cmake.exe" "-DCOMMAND_PATH=C:/Users/Daniel/Code/evident/build-x64/evidc.exe" "-DMODE=--dump-mir" "-DINPUT_PATH=C:/Users/Daniel/Code/evident/tests/valid_try.evd" "-DEXPECTED_PATH=C:/Users/Daniel/Code/evident/tests/expected_valid_try.mir.txt" "-P" "C:/Users/Daniel/Code/evident/cmake/RunAndCompareOutput.cmake"
Directory: C:/Users/Daniel/Code/evident/build-x64
"compare_mir_try" start time: Mar 29 04:26 Pacific Daylight Time
Output:
----------------------------------------------------------
<end of output>
Test time =   0.02 sec
----------------------------------------------------------
Test Passed.
"compare_mir_try" end time: Mar 29 04:26 Pacific Daylight Time
"compare_mir_try" time elapsed: 00:00:00
----------------------------------------------------------

7/68 Testing: compare_mir_direct_fail
7/68 Test: compare_mir_direct_fail
Command: "C:/Program Files/CMake/bin/cmake.exe" "-DCOMMAND_PATH=C:/Users/Daniel/Code/evident/build-x64/evidc.exe" "-DMODE=--dump-mir" "-DINPUT_PATH=C:/Users/Daniel/Code/evident/tests/valid_direct_fail.evd" "-DEXPECTED_PATH=C:/Users/Daniel/Code/evident/tests/expected_valid_direct_fail.mir.txt" "-P" "C:/Users/Daniel/Code/evident/cmake/RunAndCompareOutput.cmake"
Directory: C:/Users/Daniel/Code/evident/build-x64
"compare_mir_direct_fail" start time: Mar 29 04:26 Pacific Daylight Time
Output:
----------------------------------------------------------
<end of output>
Test time =   0.02 sec
----------------------------------------------------------
Test Passed.
"compare_mir_direct_fail" end time: Mar 29 04:26 Pacific Daylight Time
"compare_mir_direct_fail" time elapsed: 00:00:00
----------------------------------------------------------

8/68 Testing: compare_mir_yield_match
8/68 Test: compare_mir_yield_match
Command: "C:/Program Files/CMake/bin/cmake.exe" "-DCOMMAND_PATH=C:/Users/Daniel/Code/evident/build-x64/evidc.exe" "-DMODE=--dump-mir" "-DINPUT_PATH=C:/Users/Daniel/Code/evident/tests/valid_yield_match.evd" "-DEXPECTED_PATH=C:/Users/Daniel/Code/evident/tests/expected_valid_yield_match.mir.txt" "-P" "C:/Users/Daniel/Code/evident/cmake/RunAndCompareOutput.cmake"
Directory: C:/Users/Daniel/Code/evident/build-x64
"compare_mir_yield_match" start time: Mar 29 04:26 Pacific Daylight Time
Output:
----------------------------------------------------------
<end of output>
Test time =   0.02 sec
----------------------------------------------------------
Test Passed.
"compare_mir_yield_match" end time: Mar 29 04:26 Pacific Daylight Time
"compare_mir_yield_match" time elapsed: 00:00:00
----------------------------------------------------------

9/68 Testing: compare_mir_permit_proof
9/68 Test: compare_mir_permit_proof
Command: "C:/Program Files/CMake/bin/cmake.exe" "-DCOMMAND_PATH=C:/Users/Daniel/Code/evident/build-x64/evidc.exe" "-DMODE=--dump-mir" "-DINPUT_PATH=C:/Users/Daniel/Code/evident/tests/valid_permit_proof.evd" "-DEXPECTED_PATH=C:/Users/Daniel/Code/evident/tests/expected_valid_permit_proof.mir.out" "-P" "C:/Users/Daniel/Code/evident/cmake/RunAndCompareOutput.cmake"
Directory: C:/Users/Daniel/Code/evident/build-x64
"compare_mir_permit_proof" start time: Mar 29 04:26 Pacific Daylight Time
Output:
----------------------------------------------------------
<end of output>
Test time =   0.02 sec
----------------------------------------------------------
Test Passed.
"compare_mir_permit_proof" end time: Mar 29 04:26 Pacific Daylight Time
"compare_mir_permit_proof" time elapsed: 00:00:00
----------------------------------------------------------

10/68 Testing: compare_mir_affine_proof_move
10/68 Test: compare_mir_affine_proof_move
Command: "C:/Program Files/CMake/bin/cmake.exe" "-DCOMMAND_PATH=C:/Users/Daniel/Code/evident/build-x64/evidc.exe" "-DMODE=--dump-mir" "-DINPUT_PATH=C:/Users/Daniel/Code/evident/tests/valid_affine_proof_move.evd" "-DEXPECTED_PATH=C:/Users/Daniel/Code/evident/tests/expected_valid_affine_proof_move.mir.out" "-P" "C:/Users/Daniel/Code/evident/cmake/RunAndCompareOutput.cmake"
Directory: C:/Users/Daniel/Code/evident/build-x64
"compare_mir_affine_proof_move" start time: Mar 29 04:26 Pacific Daylight Time
Output:
----------------------------------------------------------
<end of output>
Test time =   0.02 sec
----------------------------------------------------------
Test Passed.
"compare_mir_affine_proof_move" end time: Mar 29 04:26 Pacific Daylight Time
"compare_mir_affine_proof_move" time elapsed: 00:00:00
----------------------------------------------------------

11/68 Testing: compare_hir_affine_wrapper
11/68 Test: compare_hir_affine_wrapper
Command: "C:/Program Files/CMake/bin/cmake.exe" "-DCOMMAND_PATH=C:/Users/Daniel/Code/evident/build-x64/evidc.exe" "-DMODE=--dump-hir" "-DINPUT_PATH=C:/Users/Daniel/Code/evident/tests/valid_affine_wrapper.evd" "-DEXPECTED_PATH=C:/Users/Daniel/Code/evident/tests/expected_valid_affine_wrapper.hir.out" "-P" "C:/Users/Daniel/Code/evident/cmake/RunAndCompareOutput.cmake"
Directory: C:/Users/Daniel/Code/evident/build-x64
"compare_hir_affine_wrapper" start time: Mar 29 04:26 Pacific Daylight Time
Output:
----------------------------------------------------------
<end of output>
Test time =   0.02 sec
----------------------------------------------------------
Test Passed.
"compare_hir_affine_wrapper" end time: Mar 29 04:26 Pacific Daylight Time
"compare_hir_affine_wrapper" time elapsed: 00:00:00
----------------------------------------------------------

12/68 Testing: compare_llvm_plain_call
12/68 Test: compare_llvm_plain_call
Command: "C:/Program Files/CMake/bin/cmake.exe" "-DCOMMAND_PATH=C:/Users/Daniel/Code/evident/build-x64/evidc.exe" "-DEMIT_MODE=--emit-llvm" "-DINPUT_PATH=C:/Users/Daniel/Code/evident/tests/valid_plain_call.evd" "-DOUTPUT_PATH=C:/Users/Daniel/Code/evident/build-x64/compare_valid_plain_call.ll" "-DEXPECTED_PATH=C:/Users/Daniel/Code/evident/tests/expected_valid_plain_call.llvm.txt" "-DTARGET_TRIPLE=x86_64-pc-windows-msvc" "-P" "C:/Users/Daniel/Code/evident/cmake/RunEmitAndCompareFile.cmake"
Directory: C:/Users/Daniel/Code/evident/build-x64
"compare_llvm_plain_call" start time: Mar 29 04:26 Pacific Daylight Time
Output:
----------------------------------------------------------
<end of output>
Test time =   0.02 sec
----------------------------------------------------------
Test Passed.
"compare_llvm_plain_call" end time: Mar 29 04:26 Pacific Daylight Time
"compare_llvm_plain_call" time elapsed: 00:00:00
----------------------------------------------------------

13/68 Testing: compare_llvm_state_match
13/68 Test: compare_llvm_state_match
Command: "C:/Program Files/CMake/bin/cmake.exe" "-DCOMMAND_PATH=C:/Users/Daniel/Code/evident/build-x64/evidc.exe" "-DEMIT_MODE=--emit-llvm" "-DINPUT_PATH=C:/Users/Daniel/Code/evident/tests/valid_state_match.evd" "-DOUTPUT_PATH=C:/Users/Daniel/Code/evident/build-x64/compare_valid_state_match.ll" "-DEXPECTED_PATH=C:/Users/Daniel/Code/evident/tests/expected_valid_state_match.llvm.txt" "-DTARGET_TRIPLE=x86_64-pc-windows-msvc" "-P" "C:/Users/Daniel/Code/evident/cmake/RunEmitAndCompareFile.cmake"
Directory: C:/Users/Daniel/Code/evident/build-x64
"compare_llvm_state_match" start time: Mar 29 04:26 Pacific Daylight Time
Output:
----------------------------------------------------------
<end of output>
Test time =   0.02 sec
----------------------------------------------------------
Test Passed.
"compare_llvm_state_match" end time: Mar 29 04:26 Pacific Daylight Time
"compare_llvm_state_match" time elapsed: 00:00:00
----------------------------------------------------------

14/68 Testing: compare_llvm_try
14/68 Test: compare_llvm_try
Command: "C:/Program Files/CMake/bin/cmake.exe" "-DCOMMAND_PATH=C:/Users/Daniel/Code/evident/build-x64/evidc.exe" "-DEMIT_MODE=--emit-llvm" "-DINPUT_PATH=C:/Users/Daniel/Code/evident/tests/valid_try.evd" "-DOUTPUT_PATH=C:/Users/Daniel/Code/evident/build-x64/compare_valid_try.ll" "-DEXPECTED_PATH=C:/Users/Daniel/Code/evident/tests/expected_valid_try.llvm.txt" "-DTARGET_TRIPLE=x86_64-pc-windows-msvc" "-P" "C:/Users/Daniel/Code/evident/cmake/RunEmitAndCompareFile.cmake"
Directory: C:/Users/Daniel/Code/evident/build-x64
"compare_llvm_try" start time: Mar 29 04:26 Pacific Daylight Time
Output:
----------------------------------------------------------
<end of output>
Test time =   0.02 sec
----------------------------------------------------------
Test Passed.
"compare_llvm_try" end time: Mar 29 04:26 Pacific Daylight Time
"compare_llvm_try" time elapsed: 00:00:00
----------------------------------------------------------

15/68 Testing: compare_llvm_direct_fail
15/68 Test: compare_llvm_direct_fail
Command: "C:/Program Files/CMake/bin/cmake.exe" "-DCOMMAND_PATH=C:/Users/Daniel/Code/evident/build-x64/evidc.exe" "-DEMIT_MODE=--emit-llvm" "-DINPUT_PATH=C:/Users/Daniel/Code/evident/tests/valid_direct_fail.evd" "-DOUTPUT_PATH=C:/Users/Daniel/Code/evident/build-x64/compare_valid_direct_fail.ll" "-DEXPECTED_PATH=C:/Users/Daniel/Code/evident/tests/expected_valid_direct_fail.llvm.txt" "-DTARGET_TRIPLE=x86_64-pc-windows-msvc" "-P" "C:/Users/Daniel/Code/evident/cmake/RunEmitAndCompareFile.cmake"
Directory: C:/Users/Daniel/Code/evident/build-x64
"compare_llvm_direct_fail" start time: Mar 29 04:26 Pacific Daylight Time
Output:
----------------------------------------------------------
<end of output>
Test time =   0.02 sec
----------------------------------------------------------
Test Passed.
"compare_llvm_direct_fail" end time: Mar 29 04:26 Pacific Daylight Time
"compare_llvm_direct_fail" time elapsed: 00:00:00
----------------------------------------------------------

16/68 Testing: compare_llvm_yield_match
16/68 Test: compare_llvm_yield_match
Command: "C:/Program Files/CMake/bin/cmake.exe" "-DCOMMAND_PATH=C:/Users/Daniel/Code/evident/build-x64/evidc.exe" "-DEMIT_MODE=--emit-llvm" "-DINPUT_PATH=C:/Users/Daniel/Code/evident/tests/valid_yield_match.evd" "-DOUTPUT_PATH=C:/Users/Daniel/Code/evident/build-x64/compare_valid_yield_match.ll" "-DEXPECTED_PATH=C:/Users/Daniel/Code/evident/tests/expected_valid_yield_match.llvm.txt" "-DTARGET_TRIPLE=x86_64-pc-windows-msvc" "-P" "C:/Users/Daniel/Code/evident/cmake/RunEmitAndCompareFile.cmake"
Directory: C:/Users/Daniel/Code/evident/build-x64
"compare_llvm_yield_match" start time: Mar 29 04:26 Pacific Daylight Time
Output:
----------------------------------------------------------
<end of output>
Test time =   0.02 sec
----------------------------------------------------------
Test Passed.
"compare_llvm_yield_match" end time: Mar 29 04:26 Pacific Daylight Time
"compare_llvm_yield_match" time elapsed: 00:00:00
----------------------------------------------------------

17/68 Testing: emit_obj_plain_call
17/68 Test: emit_obj_plain_call
Command: "C:/Program Files/CMake/bin/cmake.exe" "-DCOMMAND_PATH=C:/Users/Daniel/Code/evident/build-x64/evidc.exe" "-DEMIT_MODE=--emit-obj" "-DINPUT_PATH=C:/Users/Daniel/Code/evident/tests/valid_plain_call.evd" "-DOUTPUT_PATH=C:/Users/Daniel/Code/evident/build-x64/valid_plain_call.obj" "-DTARGET_TRIPLE=x86_64-pc-windows-msvc" "-P" "C:/Users/Daniel/Code/evident/cmake/RunEmitAndAssertExists.cmake"
Directory: C:/Users/Daniel/Code/evident/build-x64
"emit_obj_plain_call" start time: Mar 29 04:26 Pacific Daylight Time
Output:
----------------------------------------------------------
<end of output>
Test time =   0.04 sec
----------------------------------------------------------
Test Passed.
"emit_obj_plain_call" end time: Mar 29 04:26 Pacific Daylight Time
"emit_obj_plain_call" time elapsed: 00:00:00
----------------------------------------------------------

18/68 Testing: emit_obj_state_match
18/68 Test: emit_obj_state_match
Command: "C:/Program Files/CMake/bin/cmake.exe" "-DCOMMAND_PATH=C:/Users/Daniel/Code/evident/build-x64/evidc.exe" "-DEMIT_MODE=--emit-obj" "-DINPUT_PATH=C:/Users/Daniel/Code/evident/tests/valid_state_match.evd" "-DOUTPUT_PATH=C:/Users/Daniel/Code/evident/build-x64/valid_state_match.obj" "-DTARGET_TRIPLE=x86_64-pc-windows-msvc" "-P" "C:/Users/Daniel/Code/evident/cmake/RunEmitAndAssertExists.cmake"
Directory: C:/Users/Daniel/Code/evident/build-x64
"emit_obj_state_match" start time: Mar 29 04:26 Pacific Daylight Time
Output:
----------------------------------------------------------
<end of output>
Test time =   0.04 sec
----------------------------------------------------------
Test Passed.
"emit_obj_state_match" end time: Mar 29 04:26 Pacific Daylight Time
"emit_obj_state_match" time elapsed: 00:00:00
----------------------------------------------------------

19/68 Testing: emit_obj_try
19/68 Test: emit_obj_try
Command: "C:/Program Files/CMake/bin/cmake.exe" "-DCOMMAND_PATH=C:/Users/Daniel/Code/evident/build-x64/evidc.exe" "-DEMIT_MODE=--emit-obj" "-DINPUT_PATH=C:/Users/Daniel/Code/evident/tests/valid_try.evd" "-DOUTPUT_PATH=C:/Users/Daniel/Code/evident/build-x64/valid_try.obj" "-DTARGET_TRIPLE=x86_64-pc-windows-msvc" "-P" "C:/Users/Daniel/Code/evident/cmake/RunEmitAndAssertExists.cmake"
Directory: C:/Users/Daniel/Code/evident/build-x64
"emit_obj_try" start time: Mar 29 04:26 Pacific Daylight Time
Output:
----------------------------------------------------------
<end of output>
Test time =   0.04 sec
----------------------------------------------------------
Test Passed.
"emit_obj_try" end time: Mar 29 04:26 Pacific Daylight Time
"emit_obj_try" time elapsed: 00:00:00
----------------------------------------------------------

20/68 Testing: emit_obj_direct_fail
20/68 Test: emit_obj_direct_fail
Command: "C:/Program Files/CMake/bin/cmake.exe" "-DCOMMAND_PATH=C:/Users/Daniel/Code/evident/build-x64/evidc.exe" "-DEMIT_MODE=--emit-obj" "-DINPUT_PATH=C:/Users/Daniel/Code/evident/tests/valid_direct_fail.evd" "-DOUTPUT_PATH=C:/Users/Daniel/Code/evident/build-x64/valid_direct_fail.obj" "-DTARGET_TRIPLE=x86_64-pc-windows-msvc" "-P" "C:/Users/Daniel/Code/evident/cmake/RunEmitAndAssertExists.cmake"
Directory: C:/Users/Daniel/Code/evident/build-x64
"emit_obj_direct_fail" start time: Mar 29 04:26 Pacific Daylight Time
Output:
----------------------------------------------------------
<end of output>
Test time =   0.04 sec
----------------------------------------------------------
Test Passed.
"emit_obj_direct_fail" end time: Mar 29 04:26 Pacific Daylight Time
"emit_obj_direct_fail" time elapsed: 00:00:00
----------------------------------------------------------

21/68 Testing: emit_obj_yield_match
21/68 Test: emit_obj_yield_match
Command: "C:/Program Files/CMake/bin/cmake.exe" "-DCOMMAND_PATH=C:/Users/Daniel/Code/evident/build-x64/evidc.exe" "-DEMIT_MODE=--emit-obj" "-DINPUT_PATH=C:/Users/Daniel/Code/evident/tests/valid_yield_match.evd" "-DOUTPUT_PATH=C:/Users/Daniel/Code/evident/build-x64/valid_yield_match.obj" "-DTARGET_TRIPLE=x86_64-pc-windows-msvc" "-P" "C:/Users/Daniel/Code/evident/cmake/RunEmitAndAssertExists.cmake"
Directory: C:/Users/Daniel/Code/evident/build-x64
"emit_obj_yield_match" start time: Mar 29 04:26 Pacific Daylight Time
Output:
----------------------------------------------------------
<end of output>
Test time =   0.05 sec
----------------------------------------------------------
Test Passed.
"emit_obj_yield_match" end time: Mar 29 04:26 Pacific Daylight Time
"emit_obj_yield_match" time elapsed: 00:00:00
----------------------------------------------------------

22/68 Testing: emit_obj_permit_proof
22/68 Test: emit_obj_permit_proof
Command: "C:/Program Files/CMake/bin/cmake.exe" "-DCOMMAND_PATH=C:/Users/Daniel/Code/evident/build-x64/evidc.exe" "-DEMIT_MODE=--emit-obj" "-DINPUT_PATH=C:/Users/Daniel/Code/evident/tests/valid_permit_proof.evd" "-DOUTPUT_PATH=C:/Users/Daniel/Code/evident/build-x64/valid_permit_proof.obj" "-DTARGET_TRIPLE=x86_64-pc-windows-msvc" "-P" "C:/Users/Daniel/Code/evident/cmake/RunEmitAndAssertExists.cmake"
Directory: C:/Users/Daniel/Code/evident/build-x64
"emit_obj_permit_proof" start time: Mar 29 04:26 Pacific Daylight Time
Output:
----------------------------------------------------------
<end of output>
Test time =   0.04 sec
----------------------------------------------------------
Test Passed.
"emit_obj_permit_proof" end time: Mar 29 04:26 Pacific Daylight Time
"emit_obj_permit_proof" time elapsed: 00:00:00
----------------------------------------------------------

23/68 Testing: emit_asm_constant
23/68 Test: emit_asm_constant
Command: "C:/Program Files/CMake/bin/cmake.exe" "-DCOMMAND_PATH=C:/Users/Daniel/Code/evident/build-x64/evidc.exe" "-DEMIT_MODE=--emit-asm" "-DINPUT_PATH=C:/Users/Daniel/Code/evident/tests/native_main_constant.evd" "-DOUTPUT_PATH=C:/Users/Daniel/Code/evident/build-x64/native_main_constant.s" "-DTARGET_TRIPLE=x86_64-pc-windows-msvc" "-P" "C:/Users/Daniel/Code/evident/cmake/RunEmitAndAssertExists.cmake"
Directory: C:/Users/Daniel/Code/evident/build-x64
"emit_asm_constant" start time: Mar 29 04:26 Pacific Daylight Time
Output:
----------------------------------------------------------
<end of output>
Test time =   0.04 sec
----------------------------------------------------------
Test Passed.
"emit_asm_constant" end time: Mar 29 04:26 Pacific Daylight Time
"emit_asm_constant" time elapsed: 00:00:00
----------------------------------------------------------

24/68 Testing: emit_obj_constant
24/68 Test: emit_obj_constant
Command: "C:/Program Files/CMake/bin/cmake.exe" "-DCOMMAND_PATH=C:/Users/Daniel/Code/evident/build-x64/evidc.exe" "-DEMIT_MODE=--emit-obj" "-DINPUT_PATH=C:/Users/Daniel/Code/evident/tests/native_main_constant.evd" "-DOUTPUT_PATH=C:/Users/Daniel/Code/evident/build-x64/native_main_constant.obj" "-DTARGET_TRIPLE=x86_64-pc-windows-msvc" "-P" "C:/Users/Daniel/Code/evident/cmake/RunEmitAndAssertExists.cmake"
Directory: C:/Users/Daniel/Code/evident/build-x64
"emit_obj_constant" start time: Mar 29 04:26 Pacific Daylight Time
Output:
----------------------------------------------------------
<end of output>
Test time =   0.04 sec
----------------------------------------------------------
Test Passed.
"emit_obj_constant" end time: Mar 29 04:26 Pacific Daylight Time
"emit_obj_constant" time elapsed: 00:00:00
----------------------------------------------------------

25/68 Testing: hygiene_llvm_plain_call_insertvalue
25/68 Test: hygiene_llvm_plain_call_insertvalue
Command: "C:/Program Files/CMake/bin/cmake.exe" "-DCOMMAND_PATH=C:/Users/Daniel/Code/evident/build-x64/evidc.exe" "-DEMIT_MODE=--emit-llvm" "-DINPUT_PATH=C:/Users/Daniel/Code/evident/tests/valid_plain_call.evd" "-DOUTPUT_PATH=C:/Users/Daniel/Code/evident/build-x64/hygiene_valid_plain_call.ll" "-DCONTAINS=insertvalue %evid.type.Value zeroinitializer, i64 %load0, 0" "-DNOT_CONTAINS=getelementptr inbounds %evid.type.Value" "-DTARGET_TRIPLE=x86_64-pc-windows-msvc" "-P" "C:/Users/Daniel/Code/evident/cmake/RunEmitAndAssertPattern.cmake"
Directory: C:/Users/Daniel/Code/evident/build-x64
"hygiene_llvm_plain_call_insertvalue" start time: Mar 29 04:26 Pacific Daylight Time
Output:
----------------------------------------------------------
<end of output>
Test time =   0.02 sec
----------------------------------------------------------
Test Passed.
"hygiene_llvm_plain_call_insertvalue" end time: Mar 29 04:26 Pacific Daylight Time
"hygiene_llvm_plain_call_insertvalue" time elapsed: 00:00:00
----------------------------------------------------------

26/68 Testing: hygiene_llvm_try_invoke_extractvalue
26/68 Test: hygiene_llvm_try_invoke_extractvalue
Command: "C:/Program Files/CMake/bin/cmake.exe" "-DCOMMAND_PATH=C:/Users/Daniel/Code/evident/build-x64/evidc.exe" "-DEMIT_MODE=--emit-llvm" "-DINPUT_PATH=C:/Users/Daniel/Code/evident/tests/valid_try.evd" "-DOUTPUT_PATH=C:/Users/Daniel/Code/evident/build-x64/hygiene_valid_try.ll" "-DCONTAINS=extractvalue %evid.yield.open %invoke1, 0" "-DNOT_CONTAINS=invoke.slot" "-DTARGET_TRIPLE=x86_64-pc-windows-msvc" "-P" "C:/Users/Daniel/Code/evident/cmake/RunEmitAndAssertPattern.cmake"
Directory: C:/Users/Daniel/Code/evident/build-x64
"hygiene_llvm_try_invoke_extractvalue" start time: Mar 29 04:26 Pacific Daylight Time
Output:
----------------------------------------------------------
<end of output>
Test time =   0.02 sec
----------------------------------------------------------
Test Passed.
"hygiene_llvm_try_invoke_extractvalue" end time: Mar 29 04:26 Pacific Daylight Time
"hygiene_llvm_try_invoke_extractvalue" time elapsed: 00:00:00
----------------------------------------------------------

27/68 Testing: hygiene_llvm_direct_fail_text_value
27/68 Test: hygiene_llvm_direct_fail_text_value
Command: "C:/Program Files/CMake/bin/cmake.exe" "-DCOMMAND_PATH=C:/Users/Daniel/Code/evident/build-x64/evidc.exe" "-DEMIT_MODE=--emit-llvm" "-DINPUT_PATH=C:/Users/Daniel/Code/evident/tests/valid_direct_fail.evd" "-DOUTPUT_PATH=C:/Users/Daniel/Code/evident/build-x64/hygiene_valid_direct_fail.ll" "-DCONTAINS=insertvalue %evid.yield.boot zeroinitializer, i8 1, 0" "-DNOT_CONTAINS=alloca { ptr, i64 }" "-DTARGET_TRIPLE=x86_64-pc-windows-msvc" "-P" "C:/Users/Daniel/Code/evident/cmake/RunEmitAndAssertPattern.cmake"
Directory: C:/Users/Daniel/Code/evident/build-x64
"hygiene_llvm_direct_fail_text_value" start time: Mar 29 04:26 Pacific Daylight Time
Output:
----------------------------------------------------------
<end of output>
Test time =   0.02 sec
----------------------------------------------------------
Test Passed.
"hygiene_llvm_direct_fail_text_value" end time: Mar 29 04:26 Pacific Daylight Time
"hygiene_llvm_direct_fail_text_value" time elapsed: 00:00:00
----------------------------------------------------------

28/68 Testing: hygiene_llvm_yield_match_text_value
28/68 Test: hygiene_llvm_yield_match_text_value
Command: "C:/Program Files/CMake/bin/cmake.exe" "-DCOMMAND_PATH=C:/Users/Daniel/Code/evident/build-x64/evidc.exe" "-DEMIT_MODE=--emit-llvm" "-DINPUT_PATH=C:/Users/Daniel/Code/evident/tests/valid_yield_match.evd" "-DOUTPUT_PATH=C:/Users/Daniel/Code/evident/build-x64/hygiene_valid_yield_match.ll" "-DCONTAINS=insertvalue { ptr, i64 } zeroinitializer, ptr %strptr" "-DNOT_CONTAINS=%lit" "-DTARGET_TRIPLE=x86_64-pc-windows-msvc" "-P" "C:/Users/Daniel/Code/evident/cmake/RunEmitAndAssertPattern.cmake"
Directory: C:/Users/Daniel/Code/evident/build-x64
"hygiene_llvm_yield_match_text_value" start time: Mar 29 04:26 Pacific Daylight Time
Output:
----------------------------------------------------------
<end of output>
Test time =   0.02 sec
----------------------------------------------------------
Test Passed.
"hygiene_llvm_yield_match_text_value" end time: Mar 29 04:26 Pacific Daylight Time
"hygiene_llvm_yield_match_text_value" time elapsed: 00:00:00
----------------------------------------------------------

29/68 Testing: hygiene_llvm_permit_signature_erased
29/68 Test: hygiene_llvm_permit_signature_erased
Command: "C:/Program Files/CMake/bin/cmake.exe" "-DCOMMAND_PATH=C:/Users/Daniel/Code/evident/build-x64/evidc.exe" "-DEMIT_MODE=--emit-llvm" "-DINPUT_PATH=C:/Users/Daniel/Code/evident/tests/valid_permit_proof.evd" "-DOUTPUT_PATH=C:/Users/Daniel/Code/evident/build-x64/hygiene_valid_permit_proof_signature.ll" "-DCONTAINS=define i64 @evid$submit(%evid.type.Mesh %arg0)" "-DNOT_CONTAINS=@evid$submit(%evid.type.RenderPassActive" "-DTARGET_TRIPLE=x86_64-pc-windows-msvc" "-P" "C:/Users/Daniel/Code/evident/cmake/RunEmitAndAssertPattern.cmake"
Directory: C:/Users/Daniel/Code/evident/build-x64
"hygiene_llvm_permit_signature_erased" start time: Mar 29 04:26 Pacific Daylight Time
Output:
----------------------------------------------------------
<end of output>
Test time =   0.02 sec
----------------------------------------------------------
Test Passed.
"hygiene_llvm_permit_signature_erased" end time: Mar 29 04:26 Pacific Daylight Time
"hygiene_llvm_permit_signature_erased" time elapsed: 00:00:00
----------------------------------------------------------

30/68 Testing: hygiene_llvm_permit_storage_erased
30/68 Test: hygiene_llvm_permit_storage_erased
Command: "C:/Program Files/CMake/bin/cmake.exe" "-DCOMMAND_PATH=C:/Users/Daniel/Code/evident/build-x64/evidc.exe" "-DEMIT_MODE=--emit-llvm" "-DINPUT_PATH=C:/Users/Daniel/Code/evident/tests/valid_permit_proof.evd" "-DOUTPUT_PATH=C:/Users/Daniel/Code/evident/build-x64/hygiene_valid_permit_proof_storage.ll" "-DCONTAINS=call i8 @evid$start_pass()" "-DNOT_CONTAINS=%slot3 = alloca %evid.type.RenderPassActive" "-DTARGET_TRIPLE=x86_64-pc-windows-msvc" "-P" "C:/Users/Daniel/Code/evident/cmake/RunEmitAndAssertPattern.cmake"
Directory: C:/Users/Daniel/Code/evident/build-x64
"hygiene_llvm_permit_storage_erased" start time: Mar 29 04:26 Pacific Daylight Time
Output:
----------------------------------------------------------
<end of output>
Test time =   0.02 sec
----------------------------------------------------------
Test Passed.
"hygiene_llvm_permit_storage_erased" end time: Mar 29 04:26 Pacific Daylight Time
"hygiene_llvm_permit_storage_erased" time elapsed: 00:00:00
----------------------------------------------------------

31/68 Testing: run_native_constant
31/68 Test: run_native_constant
Command: "C:/Program Files/CMake/bin/cmake.exe" "-DCOMMAND_PATH=C:/Users/Daniel/Code/evident/build-x64/evidc.exe" "-DINPUT_PATH=C:/Users/Daniel/Code/evident/tests/native_main_constant.evd" "-DOUTPUT_PATH=C:/Users/Daniel/Code/evident/build-x64/native_main_constant.exe" "-DEXPECTED_EXIT=7" "-DTARGET_TRIPLE=x86_64-pc-windows-msvc" "-P" "C:/Users/Daniel/Code/evident/cmake/RunEmitAndCheckExit.cmake"
Directory: C:/Users/Daniel/Code/evident/build-x64
"run_native_constant" start time: Mar 29 04:26 Pacific Daylight Time
Output:
----------------------------------------------------------
<end of output>
Test time =   0.55 sec
----------------------------------------------------------
Test Passed.
"run_native_constant" end time: Mar 29 04:26 Pacific Daylight Time
"run_native_constant" time elapsed: 00:00:00
----------------------------------------------------------

32/68 Testing: run_native_call_chain
32/68 Test: run_native_call_chain
Command: "C:/Program Files/CMake/bin/cmake.exe" "-DCOMMAND_PATH=C:/Users/Daniel/Code/evident/build-x64/evidc.exe" "-DINPUT_PATH=C:/Users/Daniel/Code/evident/tests/native_main_call_chain.evd" "-DOUTPUT_PATH=C:/Users/Daniel/Code/evident/build-x64/native_main_call_chain.exe" "-DEXPECTED_EXIT=8" "-DTARGET_TRIPLE=x86_64-pc-windows-msvc" "-P" "C:/Users/Daniel/Code/evident/cmake/RunEmitAndCheckExit.cmake"
Directory: C:/Users/Daniel/Code/evident/build-x64
"run_native_call_chain" start time: Mar 29 04:26 Pacific Daylight Time
Output:
----------------------------------------------------------
<end of output>
Test time =   0.49 sec
----------------------------------------------------------
Test Passed.
"run_native_call_chain" end time: Mar 29 04:26 Pacific Daylight Time
"run_native_call_chain" time elapsed: 00:00:00
----------------------------------------------------------

33/68 Testing: run_native_state_match
33/68 Test: run_native_state_match
Command: "C:/Program Files/CMake/bin/cmake.exe" "-DCOMMAND_PATH=C:/Users/Daniel/Code/evident/build-x64/evidc.exe" "-DINPUT_PATH=C:/Users/Daniel/Code/evident/tests/native_main_state_match.evd" "-DOUTPUT_PATH=C:/Users/Daniel/Code/evident/build-x64/native_main_state_match.exe" "-DEXPECTED_EXIT=4" "-DTARGET_TRIPLE=x86_64-pc-windows-msvc" "-P" "C:/Users/Daniel/Code/evident/cmake/RunEmitAndCheckExit.cmake"
Directory: C:/Users/Daniel/Code/evident/build-x64
"run_native_state_match" start time: Mar 29 04:26 Pacific Daylight Time
Output:
----------------------------------------------------------
<end of output>
Test time =   0.50 sec
----------------------------------------------------------
Test Passed.
"run_native_state_match" end time: Mar 29 04:26 Pacific Daylight Time
"run_native_state_match" time elapsed: 00:00:00
----------------------------------------------------------

34/68 Testing: run_native_try
34/68 Test: run_native_try
Command: "C:/Program Files/CMake/bin/cmake.exe" "-DCOMMAND_PATH=C:/Users/Daniel/Code/evident/build-x64/evidc.exe" "-DINPUT_PATH=C:/Users/Daniel/Code/evident/tests/native_main_try.evd" "-DOUTPUT_PATH=C:/Users/Daniel/Code/evident/build-x64/native_main_try.exe" "-DEXPECTED_EXIT=11" "-DTARGET_TRIPLE=x86_64-pc-windows-msvc" "-P" "C:/Users/Daniel/Code/evident/cmake/RunEmitAndCheckExit.cmake"
Directory: C:/Users/Daniel/Code/evident/build-x64
"run_native_try" start time: Mar 29 04:26 Pacific Daylight Time
Output:
----------------------------------------------------------
<end of output>
Test time =   0.51 sec
----------------------------------------------------------
Test Passed.
"run_native_try" end time: Mar 29 04:26 Pacific Daylight Time
"run_native_try" time elapsed: 00:00:00
----------------------------------------------------------

35/68 Testing: run_native_yield_match
35/68 Test: run_native_yield_match
Command: "C:/Program Files/CMake/bin/cmake.exe" "-DCOMMAND_PATH=C:/Users/Daniel/Code/evident/build-x64/evidc.exe" "-DINPUT_PATH=C:/Users/Daniel/Code/evident/tests/native_main_yield_match.evd" "-DOUTPUT_PATH=C:/Users/Daniel/Code/evident/build-x64/native_main_yield_match.exe" "-DEXPECTED_EXIT=3" "-DTARGET_TRIPLE=x86_64-pc-windows-msvc" "-P" "C:/Users/Daniel/Code/evident/cmake/RunEmitAndCheckExit.cmake"
Directory: C:/Users/Daniel/Code/evident/build-x64
"run_native_yield_match" start time: Mar 29 04:26 Pacific Daylight Time
Output:
----------------------------------------------------------
<end of output>
Test time =   0.50 sec
----------------------------------------------------------
Test Passed.
"run_native_yield_match" end time: Mar 29 04:26 Pacific Daylight Time
"run_native_yield_match" time elapsed: 00:00:00
----------------------------------------------------------

36/68 Testing: run_native_with_permit
36/68 Test: run_native_with_permit
Command: "C:/Program Files/CMake/bin/cmake.exe" "-DCOMMAND_PATH=C:/Users/Daniel/Code/evident/build-x64/evidc.exe" "-DINPUT_PATH=C:/Users/Daniel/Code/evident/tests/native_main_with_permit.evd" "-DOUTPUT_PATH=C:/Users/Daniel/Code/evident/build-x64/native_main_with_permit.exe" "-DEXPECTED_EXIT=7" "-DTARGET_TRIPLE=x86_64-pc-windows-msvc" "-P" "C:/Users/Daniel/Code/evident/cmake/RunEmitAndCheckExit.cmake"
Directory: C:/Users/Daniel/Code/evident/build-x64
"run_native_with_permit" start time: Mar 29 04:26 Pacific Daylight Time
Output:
----------------------------------------------------------
<end of output>
Test time =   0.45 sec
----------------------------------------------------------
Test Passed.
"run_native_with_permit" end time: Mar 29 04:26 Pacific Daylight Time
"run_native_with_permit" time elapsed: 00:00:00
----------------------------------------------------------

37/68 Testing: reject_reserved_public_names
37/68 Test: reject_reserved_public_names
Command: "C:/Users/Daniel/Code/evident/build-x64/evidc.exe" "C:/Users/Daniel/Code/evident/tests/invalid_reserved_names.evd"
Directory: C:/Users/Daniel/Code/evident/build-x64
"reject_reserved_public_names" start time: Mar 29 04:26 Pacific Daylight Time
Output:
----------------------------------------------------------
C:/Users/Daniel/Code/evident/tests/invalid_reserved_names.evd:5:8: error: pseudo-optional state detected; model inhabited domain alternatives instead
    public state MaybeEmail {
           ^^^^^^^^^^^^^^^^^^
C:/Users/Daniel/Code/evident/tests/invalid_reserved_names.evd:6:5: error: public name 'Missing' is reserved or too generic
        Missing,
        ^^^^^^^
C:/Users/Daniel/Code/evident/tests/invalid_reserved_names.evd:7:5: error: public name 'Present' is reserved or too generic
        Present { value: EmailAddress },
        ^^^^^^^^^^^^^^^^^^^^^^^^^^^^^^^
<end of output>
Test time =   0.01 sec
----------------------------------------------------------
Test Passed.
"reject_reserved_public_names" end time: Mar 29 04:26 Pacific Daylight Time
"reject_reserved_public_names" time elapsed: 00:00:00
----------------------------------------------------------

38/68 Testing: reject_public_private_leak
38/68 Test: reject_public_private_leak
Command: "C:/Users/Daniel/Code/evident/build-x64/evidc.exe" "C:/Users/Daniel/Code/evident/tests/invalid_private_type_leak.evd"
Directory: C:/Users/Daniel/Code/evident/build-x64
"reject_public_private_leak" start time: Mar 29 04:26 Pacific Daylight Time
Output:
----------------------------------------------------------
C:/Users/Daniel/Code/evident/tests/invalid_private_type_leak.evd:5:19: error: public API cannot reference private type 'Hidden'
    public fn leak(x: Hidden) -> Int
                      ^^^^^^
<end of output>
Test time =   0.01 sec
----------------------------------------------------------
Test Passed.
"reject_public_private_leak" end time: Mar 29 04:26 Pacific Daylight Time
"reject_public_private_leak" time elapsed: 00:00:00
----------------------------------------------------------

39/68 Testing: reject_non_reason_yields
39/68 Test: reject_non_reason_yields
Command: "C:/Users/Daniel/Code/evident/build-x64/evidc.exe" "C:/Users/Daniel/Code/evident/tests/invalid_non_reason_yields.evd"
Directory: C:/Users/Daniel/Code/evident/build-x64
"reject_non_reason_yields" start time: Mar 29 04:26 Pacific Daylight Time
Output:
----------------------------------------------------------
C:/Users/Daniel/Code/evident/tests/invalid_non_reason_yields.evd:2:5: error: public name 'A' is reserved or too generic
        A,
        ^
C:/Users/Daniel/Code/evident/tests/invalid_non_reason_yields.evd:3:5: error: public name 'B' is reserved or too generic
        B,
        ^
C:/Users/Daniel/Code/evident/tests/invalid_non_reason_yields.evd:6:31: error: 'yields' must reference a reason type, not 'state'
    public fn bad() -> Int yields NotAReason
                                  ^^^^^^^^^^
<end of output>
Test time =   0.00 sec
----------------------------------------------------------
Test Passed.
"reject_non_reason_yields" end time: Mar 29 04:26 Pacific Daylight Time
"reject_non_reason_yields" time elapsed: 00:00:00
----------------------------------------------------------

40/68 Testing: reject_duplicate_decl
40/68 Test: reject_duplicate_decl
Command: "C:/Users/Daniel/Code/evident/build-x64/evidc.exe" "C:/Users/Daniel/Code/evident/tests/invalid_duplicate_decl.evd"
Directory: C:/Users/Daniel/Code/evident/build-x64
"reject_duplicate_decl" start time: Mar 29 04:26 Pacific Daylight Time
Output:
----------------------------------------------------------
C:/Users/Daniel/Code/evident/tests/invalid_duplicate_decl.evd:5:1: error: duplicate declaration for 'Foo'
    struct Foo {
    ^^^^^^^^^^^^
<end of output>
Test time =   0.01 sec
----------------------------------------------------------
Test Passed.
"reject_duplicate_decl" end time: Mar 29 04:26 Pacific Daylight Time
"reject_duplicate_decl" time elapsed: 00:00:00
----------------------------------------------------------

41/68 Testing: reject_empty_state
41/68 Test: reject_empty_state
Command: "C:/Users/Daniel/Code/evident/build-x64/evidc.exe" "C:/Users/Daniel/Code/evident/tests/invalid_empty_state.evd"
Directory: C:/Users/Daniel/Code/evident/build-x64
"reject_empty_state" start time: Mar 29 04:26 Pacific Daylight Time
Output:
----------------------------------------------------------
C:/Users/Daniel/Code/evident/tests/invalid_empty_state.evd:1:8: error: state declarations must define at least one variant
    public state Empty {
           ^^^^^^^^^^^^^^^
<end of output>
Test time =   0.01 sec
----------------------------------------------------------
Test Passed.
"reject_empty_state" end time: Mar 29 04:26 Pacific Daylight Time
"reject_empty_state" time elapsed: 00:00:00
----------------------------------------------------------

42/68 Testing: reject_pseudo_optional
42/68 Test: reject_pseudo_optional
Command: "C:/Users/Daniel/Code/evident/build-x64/evidc.exe" "C:/Users/Daniel/Code/evident/tests/invalid_pseudo_optional.evd"
Directory: C:/Users/Daniel/Code/evident/build-x64
"reject_pseudo_optional" start time: Mar 29 04:26 Pacific Daylight Time
Output:
----------------------------------------------------------
C:/Users/Daniel/Code/evident/tests/invalid_pseudo_optional.evd:1:8: error: pseudo-optional state detected; model inhabited domain alternatives instead
    public state Connection {
           ^^^^^^^^^^^^^^^^^^
C:/Users/Daniel/Code/evident/tests/invalid_pseudo_optional.evd:2:5: error: public name 'Present' is reserved or too generic
        Present { id: Int },
        ^^^^^^^^^^^^^^^^^^^
C:/Users/Daniel/Code/evident/tests/invalid_pseudo_optional.evd:3:5: error: public name 'Absent' is reserved or too generic
        Absent,
        ^^^^^^
<end of output>
Test time =   0.01 sec
----------------------------------------------------------
Test Passed.
"reject_pseudo_optional" end time: Mar 29 04:26 Pacific Daylight Time
"reject_pseudo_optional" time elapsed: 00:00:00
----------------------------------------------------------

43/68 Testing: reject_foreign_body
43/68 Test: reject_foreign_body
Command: "C:/Users/Daniel/Code/evident/build-x64/evidc.exe" "C:/Users/Daniel/Code/evident/tests/invalid_foreign_body.evd"
Directory: C:/Users/Daniel/Code/evident/build-x64
"reject_foreign_body" start time: Mar 29 04:26 Pacific Daylight Time
Output:
----------------------------------------------------------
C:/Users/Daniel/Code/evident/tests/invalid_foreign_body.evd:1:33: error: foreign functions may not define a body
    public foreign fn test() -> Int {
                                    ^
<end of output>
Test time =   0.00 sec
----------------------------------------------------------
Test Passed.
"reject_foreign_body" end time: Mar 29 04:26 Pacific Daylight Time
"reject_foreign_body" time elapsed: 00:00:00
----------------------------------------------------------

44/68 Testing: reject_foreign_yields
44/68 Test: reject_foreign_yields
Command: "C:/Users/Daniel/Code/evident/build-x64/evidc.exe" "C:/Users/Daniel/Code/evident/tests/invalid_foreign_yields.evd"
Directory: C:/Users/Daniel/Code/evident/build-x64
"reject_foreign_yields" start time: Mar 29 04:26 Pacific Daylight Time
Output:
----------------------------------------------------------
C:/Users/Daniel/Code/evident/tests/invalid_foreign_yields.evd:5:40: error: foreign functions may not use 'yields'
    public foreign fn test() -> Int yields Error
                                           ^^^^^
<end of output>
Test time =   0.01 sec
----------------------------------------------------------
Test Passed.
"reject_foreign_yields" end time: Mar 29 04:26 Pacific Daylight Time
"reject_foreign_yields" time elapsed: 00:00:00
----------------------------------------------------------

45/68 Testing: reject_unknown_type
45/68 Test: reject_unknown_type
Command: "C:/Users/Daniel/Code/evident/build-x64/evidc.exe" "C:/Users/Daniel/Code/evident/tests/invalid_unknown_type.evd"
Directory: C:/Users/Daniel/Code/evident/build-x64
"reject_unknown_type" start time: Mar 29 04:26 Pacific Daylight Time
Output:
----------------------------------------------------------
C:/Users/Daniel/Code/evident/tests/invalid_unknown_type.evd:2:8: error: unknown type 'DoesNotExist' in struct field
        x: DoesNotExist,
           ^^^^^^^^^^^^
<end of output>
Test time =   0.00 sec
----------------------------------------------------------
Test Passed.
"reject_unknown_type" end time: Mar 29 04:26 Pacific Daylight Time
"reject_unknown_type" time elapsed: 00:00:00
----------------------------------------------------------

46/68 Testing: reject_non_exhaustive_match
46/68 Test: reject_non_exhaustive_match
Command: "C:/Users/Daniel/Code/evident/build-x64/evidc.exe" "C:/Users/Daniel/Code/evident/tests/invalid_non_exhaustive_match.evd"
Directory: C:/Users/Daniel/Code/evident/build-x64
"reject_non_exhaustive_match" start time: Mar 29 04:26 Pacific Daylight Time
Output:
----------------------------------------------------------
C:/Users/Daniel/Code/evident/tests/invalid_non_exhaustive_match.evd:7:5: error: non-exhaustive match over state 'FeatureMode'; missing 'ProviderBacked'
        match mode {
        ^^^^^^^^^^^^
<end of output>
Test time =   0.01 sec
----------------------------------------------------------
Test Passed.
"reject_non_exhaustive_match" end time: Mar 29 04:26 Pacific Daylight Time
"reject_non_exhaustive_match" time elapsed: 00:00:00
----------------------------------------------------------

47/68 Testing: reject_unhandled_yield
47/68 Test: reject_unhandled_yield
Command: "C:/Users/Daniel/Code/evident/build-x64/evidc.exe" "C:/Users/Daniel/Code/evident/tests/invalid_yielded_call_unhandled.evd"
Directory: C:/Users/Daniel/Code/evident/build-x64
"reject_unhandled_yield" start time: Mar 29 04:26 Pacific Daylight Time
Output:
----------------------------------------------------------
C:/Users/Daniel/Code/evident/tests/invalid_yielded_call_unhandled.evd:12:5: error: yielded call must be handled with 'try' or 'match'
        open()
        ^^^^^^
<end of output>
Test time =   0.01 sec
----------------------------------------------------------
Test Passed.
"reject_unhandled_yield" end time: Mar 29 04:26 Pacific Daylight Time
"reject_unhandled_yield" time elapsed: 00:00:00
----------------------------------------------------------

48/68 Testing: reject_try_outside_yields
48/68 Test: reject_try_outside_yields
Command: "C:/Users/Daniel/Code/evident/build-x64/evidc.exe" "C:/Users/Daniel/Code/evident/tests/invalid_try_outside_yields.evd"
Directory: C:/Users/Daniel/Code/evident/build-x64
"reject_try_outside_yields" start time: Mar 29 04:26 Pacific Daylight Time
Output:
----------------------------------------------------------
C:/Users/Daniel/Code/evident/tests/invalid_try_outside_yields.evd:12:5: error: 'try' is only valid inside a function with 'yields'
        try open()
        ^^^^^^^^^^
<end of output>
Test time =   0.01 sec
----------------------------------------------------------
Test Passed.
"reject_try_outside_yields" end time: Mar 29 04:26 Pacific Daylight Time
"reject_try_outside_yields" time elapsed: 00:00:00
----------------------------------------------------------

49/68 Testing: reject_fail_wrong_reason
49/68 Test: reject_fail_wrong_reason
Command: "C:/Users/Daniel/Code/evident/build-x64/evidc.exe" "C:/Users/Daniel/Code/evident/tests/invalid_fail_wrong_reason.evd"
Directory: C:/Users/Daniel/Code/evident/build-x64
"reject_fail_wrong_reason" start time: Mar 29 04:26 Pacific Daylight Time
Output:
----------------------------------------------------------
C:/Users/Daniel/Code/evident/tests/invalid_fail_wrong_reason.evd:14:5: error: 'fail' must use a variant of yielded reason 'OpenFailure'
        fail BadSyntax
        ^^^^^^^^^^^^^^
<end of output>
Test time =   0.01 sec
----------------------------------------------------------
Test Passed.
"reject_fail_wrong_reason" end time: Mar 29 04:26 Pacific Daylight Time
"reject_fail_wrong_reason" time elapsed: 00:00:00
----------------------------------------------------------

50/68 Testing: reject_match_wildcard
50/68 Test: reject_match_wildcard
Command: "C:/Users/Daniel/Code/evident/build-x64/evidc.exe" "C:/Users/Daniel/Code/evident/tests/invalid_match_wildcard.evd"
Directory: C:/Users/Daniel/Code/evident/build-x64
"reject_match_wildcard" start time: Mar 29 04:26 Pacific Daylight Time
Output:
----------------------------------------------------------
C:/Users/Daniel/Code/evident/tests/invalid_match_wildcard.evd:8:9: error: wildcard patterns are not allowed
            _ => "unknown",
            ^
C:/Users/Daniel/Code/evident/tests/invalid_match_wildcard.evd:7:5: error: non-exhaustive match over state 'FeatureMode'; missing 'OfflineOnly'
        match mode {
        ^^^^^^^^^^^^
<end of output>
Test time =   0.01 sec
----------------------------------------------------------
Test Passed.
"reject_match_wildcard" end time: Mar 29 04:26 Pacific Daylight Time
"reject_match_wildcard" time elapsed: 00:00:00
----------------------------------------------------------

51/68 Testing: reject_direct_proof_construct
51/68 Test: reject_direct_proof_construct
Command: "C:/Users/Daniel/Code/evident/build-x64/evidc.exe" "C:/Users/Daniel/Code/evident/tests/invalid_direct_proof_construct.evd"
Directory: C:/Users/Daniel/Code/evident/build-x64
"reject_direct_proof_construct" start time: Mar 29 04:26 Pacific Daylight Time
Output:
----------------------------------------------------------
C:/Users/Daniel/Code/evident/tests/invalid_direct_proof_construct.evd:6:5: error: proof values must be created with 'prove'
        Receipt { count: 1 }
        ^^^^^^^^^^^^^^^^^^^^
<end of output>
Test time =   0.01 sec
----------------------------------------------------------
Test Passed.
"reject_direct_proof_construct" end time: Mar 29 04:26 Pacific Daylight Time
"reject_direct_proof_construct" time elapsed: 00:00:00
----------------------------------------------------------

52/68 Testing: reject_prove_without_authority
52/68 Test: reject_prove_without_authority
Command: "C:/Users/Daniel/Code/evident/build-x64/evidc.exe" "C:/Users/Daniel/Code/evident/tests/invalid_prove_without_authority.evd"
Directory: C:/Users/Daniel/Code/evident/build-x64
"reject_prove_without_authority" start time: Mar 29 04:26 Pacific Daylight Time
Output:
----------------------------------------------------------
C:/Users/Daniel/Code/evident/tests/invalid_prove_without_authority.evd:6:5: error: 'prove' is only valid inside a function with 'proves'
        prove Receipt { count: 1 }
        ^^^^^^^^^^^^^^^^^^^^^^^^^^
<end of output>
Test time =   0.01 sec
----------------------------------------------------------
Test Passed.
"reject_prove_without_authority" end time: Mar 29 04:26 Pacific Daylight Time
"reject_prove_without_authority" time elapsed: 00:00:00
----------------------------------------------------------

53/68 Testing: reject_prove_wrong_proof
53/68 Test: reject_prove_wrong_proof
Command: "C:/Users/Daniel/Code/evident/build-x64/evidc.exe" "C:/Users/Daniel/Code/evident/tests/invalid_prove_wrong_proof.evd"
Directory: C:/Users/Daniel/Code/evident/build-x64
"reject_prove_wrong_proof" start time: Mar 29 04:26 Pacific Daylight Time
Output:
----------------------------------------------------------
C:/Users/Daniel/Code/evident/tests/invalid_prove_wrong_proof.evd:10:5: error: 'prove' must create proof 'RightReceipt', not 'LeftReceipt'
        prove LeftReceipt { count: 1 }
        ^^^^^^^^^^^^^^^^^^^^^^^^^^^^^^
C:/Users/Daniel/Code/evident/tests/invalid_prove_wrong_proof.evd:9:62: error: function 'make_receipt' returns 'LeftReceipt' but signature requires 'RightReceipt'
    public fn make_receipt() -> RightReceipt proves RightReceipt {
                                                                 ^^^^^^^^^^^^^^^^^^^^^^^^^^^^^^^^^^^^^^
<end of output>
Test time =   0.01 sec
----------------------------------------------------------
Test Passed.
"reject_prove_wrong_proof" end time: Mar 29 04:26 Pacific Daylight Time
"reject_prove_wrong_proof" time elapsed: 00:00:00
----------------------------------------------------------

54/68 Testing: reject_foreign_proves
54/68 Test: reject_foreign_proves
Command: "C:/Users/Daniel/Code/evident/build-x64/evidc.exe" "C:/Users/Daniel/Code/evident/tests/invalid_foreign_proves.evd"
Directory: C:/Users/Daniel/Code/evident/build-x64
"reject_foreign_proves" start time: Mar 29 04:26 Pacific Daylight Time
Output:
----------------------------------------------------------
C:/Users/Daniel/Code/evident/tests/invalid_foreign_proves.evd:5:52: error: foreign functions may not use 'proves'
    public foreign fn make_receipt() -> Receipt proves Receipt
                                                       ^^^^^^^
<end of output>
Test time =   0.00 sec
----------------------------------------------------------
Test Passed.
"reject_foreign_proves" end time: Mar 29 04:26 Pacific Daylight Time
"reject_foreign_proves" time elapsed: 00:00:00
----------------------------------------------------------

55/68 Testing: reject_grant_direct_call
55/68 Test: reject_grant_direct_call
Command: "C:/Users/Daniel/Code/evident/build-x64/evidc.exe" "C:/Users/Daniel/Code/evident/tests/invalid_grant_direct_call.evd"
Directory: C:/Users/Daniel/Code/evident/build-x64
"reject_grant_direct_call" start time: Mar 29 04:26 Pacific Daylight Time
Output:
----------------------------------------------------------
C:/Users/Daniel/Code/evident/tests/invalid_grant_direct_call.evd:7:5: error: function 'start_pass' grants a permit and must be used in a 'with' scope
        start_pass()
        ^^^^^^^^^^^^
<end of output>
Test time =   0.00 sec
----------------------------------------------------------
Test Passed.
"reject_grant_direct_call" end time: Mar 29 04:26 Pacific Daylight Time
"reject_grant_direct_call" time elapsed: 00:00:00
----------------------------------------------------------

56/68 Testing: reject_with_non_grant
56/68 Test: reject_with_non_grant
Command: "C:/Users/Daniel/Code/evident/build-x64/evidc.exe" "C:/Users/Daniel/Code/evident/tests/invalid_with_non_grant.evd"
Directory: C:/Users/Daniel/Code/evident/build-x64
"reject_with_non_grant" start time: Mar 29 04:26 Pacific Daylight Time
Output:
----------------------------------------------------------
C:/Users/Daniel/Code/evident/tests/invalid_with_non_grant.evd:5:5: error: 'with' requires a function annotated with 'grants'
        with open() as pass {
        ^^^^^^^^^^^^^^^^^^^^^
<end of output>
Test time =   0.00 sec
----------------------------------------------------------
Test Passed.
"reject_with_non_grant" end time: Mar 29 04:26 Pacific Daylight Time
"reject_with_non_grant" time elapsed: 00:00:00
----------------------------------------------------------

57/68 Testing: reject_permit_escape_let
57/68 Test: reject_permit_escape_let
Command: "C:/Users/Daniel/Code/evident/build-x64/evidc.exe" "C:/Users/Daniel/Code/evident/tests/invalid_permit_escape_let.evd"
Directory: C:/Users/Daniel/Code/evident/build-x64
"reject_permit_escape_let" start time: Mar 29 04:26 Pacific Daylight Time
Output:
----------------------------------------------------------
C:/Users/Daniel/Code/evident/tests/invalid_permit_escape_let.evd:8:21: error: permit value may only be used as a direct function argument
            let saved = pass
                        ^^^^
<end of output>
Test time =   0.01 sec
----------------------------------------------------------
Test Passed.
"reject_permit_escape_let" end time: Mar 29 04:26 Pacific Daylight Time
"reject_permit_escape_let" time elapsed: 00:00:00
----------------------------------------------------------

58/68 Testing: reject_missing_permit_argument
58/68 Test: reject_missing_permit_argument
Command: "C:/Users/Daniel/Code/evident/build-x64/evidc.exe" "C:/Users/Daniel/Code/evident/tests/invalid_missing_permit_argument.evd"
Directory: C:/Users/Daniel/Code/evident/build-x64
"reject_missing_permit_argument" start time: Mar 29 04:26 Pacific Daylight Time
Output:
----------------------------------------------------------
C:/Users/Daniel/Code/evident/tests/invalid_missing_permit_argument.evd:9:12: error: argument 1 to 'submit' must be permit 'RenderPassActive'
        submit(count)
               ^^^^^
<end of output>
Test time =   0.00 sec
----------------------------------------------------------
Test Passed.
"reject_missing_permit_argument" end time: Mar 29 04:26 Pacific Daylight Time
"reject_missing_permit_argument" time elapsed: 00:00:00
----------------------------------------------------------

59/68 Testing: reject_affine_reuse_argument
59/68 Test: reject_affine_reuse_argument
Command: "C:/Users/Daniel/Code/evident/build-x64/evidc.exe" "C:/Users/Daniel/Code/evident/tests/invalid_affine_reuse_argument.evd"
Directory: C:/Users/Daniel/Code/evident/build-x64
"reject_affine_reuse_argument" start time: Mar 29 04:26 Pacific Daylight Time
Output:
----------------------------------------------------------
C:/Users/Daniel/Code/evident/tests/invalid_affine_reuse_argument.evd:16:13: error: affine value 'receipt' was already moved
        consume(receipt)
                ^^^^^^^
C:/Users/Daniel/Code/evident/tests/invalid_affine_reuse_argument.evd:15:13: note: 'receipt' was previously moved here
        consume(receipt);
                ^^^^^^^
<end of output>
Test time =   0.00 sec
----------------------------------------------------------
Test Passed.
"reject_affine_reuse_argument" end time: Mar 29 04:26 Pacific Daylight Time
"reject_affine_reuse_argument" time elapsed: 00:00:00
----------------------------------------------------------

60/68 Testing: reject_affine_after_let_move
60/68 Test: reject_affine_after_let_move
Command: "C:/Users/Daniel/Code/evident/build-x64/evidc.exe" "C:/Users/Daniel/Code/evident/tests/invalid_affine_after_let_move.evd"
Directory: C:/Users/Daniel/Code/evident/build-x64
"reject_affine_after_let_move" start time: Mar 29 04:26 Pacific Daylight Time
Output:
----------------------------------------------------------
C:/Users/Daniel/Code/evident/tests/invalid_affine_after_let_move.evd:12:5: error: affine value 'receipt' was already moved
        receipt
        ^^^^^^^
C:/Users/Daniel/Code/evident/tests/invalid_affine_after_let_move.evd:11:16: note: 'receipt' was previously moved here
        let next = receipt;
                   ^^^^^^^
<end of output>
Test time =   0.01 sec
----------------------------------------------------------
Test Passed.
"reject_affine_after_let_move" end time: Mar 29 04:26 Pacific Daylight Time
"reject_affine_after_let_move" time elapsed: 00:00:00
----------------------------------------------------------

61/68 Testing: reject_affine_after_wrapper_move
61/68 Test: reject_affine_after_wrapper_move
Command: "C:/Users/Daniel/Code/evident/build-x64/evidc.exe" "C:/Users/Daniel/Code/evident/tests/invalid_affine_after_wrapper_move.evd"
Directory: C:/Users/Daniel/Code/evident/build-x64
"reject_affine_after_wrapper_move" start time: Mar 29 04:26 Pacific Daylight Time
Output:
----------------------------------------------------------
C:/Users/Daniel/Code/evident/tests/invalid_affine_after_wrapper_move.evd:16:5: error: affine value 'receipt' was already moved
        receipt
        ^^^^^^^
C:/Users/Daniel/Code/evident/tests/invalid_affine_after_wrapper_move.evd:15:31: note: 'receipt' was previously moved here
        let envelope = Envelope { receipt };
                                  ^^^^^^^
<end of output>
Test time =   0.01 sec
----------------------------------------------------------
Test Passed.
"reject_affine_after_wrapper_move" end time: Mar 29 04:26 Pacific Daylight Time
"reject_affine_after_wrapper_move" time elapsed: 00:00:00
----------------------------------------------------------

62/68 Testing: reject_affine_after_match
62/68 Test: reject_affine_after_match
Command: "C:/Users/Daniel/Code/evident/build-x64/evidc.exe" "C:/Users/Daniel/Code/evident/tests/invalid_affine_after_match.evd"
Directory: C:/Users/Daniel/Code/evident/build-x64
"reject_affine_after_match" start time: Mar 29 04:26 Pacific Daylight Time
Output:
----------------------------------------------------------
C:/Users/Daniel/Code/evident/tests/invalid_affine_after_match.evd:24:5: error: affine value 'ticket' was already moved
        ticket
        ^^^^^^
C:/Users/Daniel/Code/evident/tests/invalid_affine_after_match.evd:20:11: note: 'ticket' was previously moved here
        match ticket {
              ^^^^^^
<end of output>
Test time =   0.01 sec
----------------------------------------------------------
Test Passed.
"reject_affine_after_match" end time: Mar 29 04:26 Pacific Daylight Time
"reject_affine_after_match" time elapsed: 00:00:00
----------------------------------------------------------

63/68 Testing: reject_affine_branch_merge
63/68 Test: reject_affine_branch_merge
Command: "C:/Users/Daniel/Code/evident/build-x64/evidc.exe" "C:/Users/Daniel/Code/evident/tests/invalid_affine_branch_merge.evd"
Directory: C:/Users/Daniel/Code/evident/build-x64
"reject_affine_branch_merge" start time: Mar 29 04:26 Pacific Daylight Time
Output:
----------------------------------------------------------
C:/Users/Daniel/Code/evident/tests/invalid_affine_branch_merge.evd:25:5: error: affine value 'receipt' was already moved
        receipt
        ^^^^^^^
C:/Users/Daniel/Code/evident/tests/invalid_affine_branch_merge.evd:22:17: note: 'receipt' was previously moved here
            Open => receipt,
                    ^^^^^^^
<end of output>
Test time =   0.01 sec
----------------------------------------------------------
Test Passed.
"reject_affine_branch_merge" end time: Mar 29 04:26 Pacific Daylight Time
"reject_affine_branch_merge" time elapsed: 00:00:00
----------------------------------------------------------

64/68 Testing: reject_backend_missing_main
64/68 Test: reject_backend_missing_main
Command: "C:/Users/Daniel/Code/evident/build-x64/evidc.exe" "--target" "x86_64-pc-windows-msvc" "--emit-exe" "C:/Users/Daniel/Code/evident/build-x64/reject_backend_missing_main.exe" "C:/Users/Daniel/Code/evident/tests/valid_plain_call.evd"
Directory: C:/Users/Daniel/Code/evident/build-x64
"reject_backend_missing_main" start time: Mar 29 04:26 Pacific Daylight Time
Output:
----------------------------------------------------------
`--emit-exe` requires a top-level `public fn main() -> Int`
<end of output>
Test time =   0.01 sec
----------------------------------------------------------
Test Passed.
"reject_backend_missing_main" end time: Mar 29 04:26 Pacific Daylight Time
"reject_backend_missing_main" time elapsed: 00:00:00
----------------------------------------------------------

65/68 Testing: reject_backend_private_main
65/68 Test: reject_backend_private_main
Command: "C:/Users/Daniel/Code/evident/build-x64/evidc.exe" "--target" "x86_64-pc-windows-msvc" "--emit-exe" "C:/Users/Daniel/Code/evident/build-x64/reject_backend_private_main.exe" "C:/Users/Daniel/Code/evident/tests/native_invalid_main_private.evd"
Directory: C:/Users/Daniel/Code/evident/build-x64
"reject_backend_private_main" start time: Mar 29 04:26 Pacific Daylight Time
Output:
----------------------------------------------------------
entry `main` must be declared `public`
<end of output>
Test time =   0.01 sec
----------------------------------------------------------
Test Passed.
"reject_backend_private_main" end time: Mar 29 04:26 Pacific Daylight Time
"reject_backend_private_main" time elapsed: 00:00:00
----------------------------------------------------------

66/68 Testing: reject_backend_main_params
66/68 Test: reject_backend_main_params
Command: "C:/Users/Daniel/Code/evident/build-x64/evidc.exe" "--target" "x86_64-pc-windows-msvc" "--emit-exe" "C:/Users/Daniel/Code/evident/build-x64/reject_backend_main_params.exe" "C:/Users/Daniel/Code/evident/tests/native_invalid_main_params.evd"
Directory: C:/Users/Daniel/Code/evident/build-x64
"reject_backend_main_params" start time: Mar 29 04:26 Pacific Daylight Time
Output:
----------------------------------------------------------
entry `main` may not take parameters
<end of output>
Test time =   0.01 sec
----------------------------------------------------------
Test Passed.
"reject_backend_main_params" end time: Mar 29 04:26 Pacific Daylight Time
"reject_backend_main_params" time elapsed: 00:00:00
----------------------------------------------------------

67/68 Testing: reject_backend_main_wrong_return
67/68 Test: reject_backend_main_wrong_return
Command: "C:/Users/Daniel/Code/evident/build-x64/evidc.exe" "--target" "x86_64-pc-windows-msvc" "--emit-exe" "C:/Users/Daniel/Code/evident/build-x64/reject_backend_main_wrong_return.exe" "C:/Users/Daniel/Code/evident/tests/native_invalid_main_wrong_return.evd"
Directory: C:/Users/Daniel/Code/evident/build-x64
"reject_backend_main_wrong_return" start time: Mar 29 04:26 Pacific Daylight Time
Output:
----------------------------------------------------------
entry `main` must return `Int`
<end of output>
Test time =   0.01 sec
----------------------------------------------------------
Test Passed.
"reject_backend_main_wrong_return" end time: Mar 29 04:26 Pacific Daylight Time
"reject_backend_main_wrong_return" time elapsed: 00:00:00
----------------------------------------------------------

68/68 Testing: reject_backend_main_yields
68/68 Test: reject_backend_main_yields
Command: "C:/Users/Daniel/Code/evident/build-x64/evidc.exe" "--target" "x86_64-pc-windows-msvc" "--emit-exe" "C:/Users/Daniel/Code/evident/build-x64/reject_backend_main_yields.exe" "C:/Users/Daniel/Code/evident/tests/native_invalid_main_yields.evd"
Directory: C:/Users/Daniel/Code/evident/build-x64
"reject_backend_main_yields" start time: Mar 29 04:26 Pacific Daylight Time
Output:
----------------------------------------------------------
entry `main` may not use `yields`
<end of output>
Test time =   0.01 sec
----------------------------------------------------------
Test Passed.
"reject_backend_main_yields" end time: Mar 29 04:26 Pacific Daylight Time
"reject_backend_main_yields" time elapsed: 00:00:00
----------------------------------------------------------

End testing: Mar 29 04:26 Pacific Daylight Time
